<?xml version="1.0" encoding="UTF-8"?>
<testsuite name="Technical project" tests="1" skipped="0" failures="0" errors="0" timestamp="2022-10-16T02:14:27" hostname="DESKTOP-NLO2365" time="18.971">
  <properties/>
  <testcase name="registration in the system for Duvan" classname="Technical project" time="18.971"/>
  <system-out><![CDATA[]]></system-out>
  <system-err><![CDATA[[Test worker] WARN net.thucydides.core.steps.BaseStepListener - stepStarted: net.thucydides.core.steps.ExecutedStepDescription@64a4dd8d
[Test worker] WARN net.thucydides.core.steps.BaseStepListener - stepStarted: net.thucydides.core.steps.ExecutedStepDescription@fb49fdf
[Test worker] WARN net.thucydides.core.steps.BaseStepListener - stepStarted: net.thucydides.core.steps.ExecutedStepDescription@5e99b9c
oct. 15, 2022 9:14:28 P. M. org.openqa.selenium.remote.DesiredCapabilities chrome
INFO: Using `new ChromeOptions()` is preferred to `DesiredCapabilities.chrome()`
[Test worker] INFO net.serenitybdd.core.webdriver.driverproviders.ProvideNewDriver - Instantiating driver
[Test worker] INFO net.serenitybdd.core.webdriver.driverproviders.ProvideNewDriver - Driver capabilities: Capabilities {acceptInsecureCerts: false, browserName: chrome, chrome.switches: --start-maximized, goog:chromeOptions: {args: [--start-maximized], extensions: []}, loggingPrefs: org.openqa.selenium.logging..., platform: ANY, version: }
Starting ChromeDriver 106.0.5249.61 (511755355844955cd3e264779baf0dd38212a4d0-refs/branch-heads/5249@{#569}) on port 38448
Only local connections are allowed.
Please see https://chromedriver.chromium.org/security-considerations for suggestions on keeping ChromeDriver safe.
ChromeDriver was started successfully.
oct. 15, 2022 9:14:29 P. M. org.openqa.selenium.remote.ProtocolHandshake createSession
INFO: Detected dialect: W3C
[Test worker] WARN net.thucydides.core.steps.BaseStepListener - stepFinished: current outcome:registration in the system for Duvan:Given that Duvan wants to enter the user registration url [ open up [ opens the Utest page]]
[Test worker] WARN net.thucydides.core.steps.BaseStepListener - stepFinished: current outcome:registration in the system for Duvan:Given that Duvan wants to enter the user registration url [ open up [ opens the Utest page]]
[Test worker] WARN net.thucydides.core.steps.BaseStepListener - stepFinished: current outcome:registration in the system for Duvan:Given that Duvan wants to enter the user registration url [ open up [ opens the Utest page]]
[Test worker] WARN net.thucydides.core.steps.BaseStepListener - stepStarted: net.thucydides.core.steps.ExecutedStepDescription@2f1f9515
[Test worker] WARN net.thucydides.core.steps.BaseStepListener - stepStarted: net.thucydides.core.steps.ExecutedStepDescription@c318864
[Test worker] WARN net.thucydides.core.steps.BaseStepListener - stepFinished: current outcome:registration in the system for Duvan:Given that Duvan wants to enter the user registration url [ open up [ opens the Utest page]], When enter all the appropriate data for user registration on the NewExperience platform
| correo | title | nombre | apellido | password | birthDay | birthMes | birthyear | company | address | address2 | city | state | codPostal | country | information | homePhone | movilPhone | alias | nombre_verificacion |
| duvansds34856@gmail.com | 1 | Duvan alejandro | Bernate | 12345@A | 1 | 1 | 1998 | Chooucair | calle 34 | cr 55 #34 | Bogota | 2 | 11111 | 21 | Automatizacion prueba | 12345678 | 3112302013 | DuvanMaster | Duvan alejandro Bernate | [ load]
[Test worker] WARN net.thucydides.core.steps.BaseStepListener - stepStarted: net.thucydides.core.steps.ExecutedStepDescription@6d420cdd
[Test worker] WARN net.thucydides.core.steps.BaseStepListener - stepStarted: net.thucydides.core.steps.ExecutedStepDescription@5aa6da2
[Test worker] WARN net.thucydides.core.steps.BaseStepListener - stepFinished: current outcome:registration in the system for Duvan:Given that Duvan wants to enter the user registration url [ open up [ opens the Utest page]], When enter all the appropriate data for user registration on the NewExperience platform
| correo | title | nombre | apellido | password | birthDay | birthMes | birthyear | company | address | address2 | city | state | codPostal | country | information | homePhone | movilPhone | alias | nombre_verificacion |
| duvansds34856@gmail.com | 1 | Duvan alejandro | Bernate | 12345@A | 1 | 1 | 1998 | Chooucair | calle 34 | cr 55 #34 | Bogota | 2 | 11111 | 21 | Automatizacion prueba | 12345678 | 3112302013 | DuvanMaster | Duvan alejandro Bernate | [ load,  registration user [ clicks on Boton de ingreso a el registro del usuario]]
[Test worker] WARN net.thucydides.core.steps.BaseStepListener - stepStarted: net.thucydides.core.steps.ExecutedStepDescription@2109a691
[Test worker] WARN net.thucydides.core.steps.BaseStepListener - stepFinished: current outcome:registration in the system for Duvan:Given that Duvan wants to enter the user registration url [ open up [ opens the Utest page]], When enter all the appropriate data for user registration on the NewExperience platform
| correo | title | nombre | apellido | password | birthDay | birthMes | birthyear | company | address | address2 | city | state | codPostal | country | information | homePhone | movilPhone | alias | nombre_verificacion |
| duvansds34856@gmail.com | 1 | Duvan alejandro | Bernate | 12345@A | 1 | 1 | 1998 | Chooucair | calle 34 | cr 55 #34 | Bogota | 2 | 11111 | 21 | Automatizacion prueba | 12345678 | 3112302013 | DuvanMaster | Duvan alejandro Bernate | [ load,  registration user [ clicks on Boton de ingreso a el registro del usuario,  enters 'duvansds34856@gmail.com' into Ingresar email]]
[Test worker] WARN net.thucydides.core.steps.BaseStepListener - stepStarted: net.thucydides.core.steps.ExecutedStepDescription@12aa519b
[Test worker] WARN net.thucydides.core.steps.BaseStepListener - stepFinished: current outcome:registration in the system for Duvan:Given that Duvan wants to enter the user registration url [ open up [ opens the Utest page]], When enter all the appropriate data for user registration on the NewExperience platform
| correo | title | nombre | apellido | password | birthDay | birthMes | birthyear | company | address | address2 | city | state | codPostal | country | information | homePhone | movilPhone | alias | nombre_verificacion |
| duvansds34856@gmail.com | 1 | Duvan alejandro | Bernate | 12345@A | 1 | 1 | 1998 | Chooucair | calle 34 | cr 55 #34 | Bogota | 2 | 11111 | 21 | Automatizacion prueba | 12345678 | 3112302013 | DuvanMaster | Duvan alejandro Bernate | [ load,  registration user [ clicks on Boton de ingreso a el registro del usuario,  enters 'duvansds34856@gmail.com' into Ingresar email,  clicks on Boton para ingresar al formulario]]
[Test worker] WARN net.thucydides.core.steps.BaseStepListener - stepStarted: net.thucydides.core.steps.ExecutedStepDescription@283baa39
[Test worker] WARN net.thucydides.core.steps.BaseStepListener - stepFinished: current outcome:registration in the system for Duvan:Given that Duvan wants to enter the user registration url [ open up [ opens the Utest page]], When enter all the appropriate data for user registration on the NewExperience platform
| correo | title | nombre | apellido | password | birthDay | birthMes | birthyear | company | address | address2 | city | state | codPostal | country | information | homePhone | movilPhone | alias | nombre_verificacion |
| duvansds34856@gmail.com | 1 | Duvan alejandro | Bernate | 12345@A | 1 | 1 | 1998 | Chooucair | calle 34 | cr 55 #34 | Bogota | 2 | 11111 | 21 | Automatizacion prueba | 12345678 | 3112302013 | DuvanMaster | Duvan alejandro Bernate | [ load,  registration user [ clicks on Boton de ingreso a el registro del usuario,  enters 'duvansds34856@gmail.com' into Ingresar email,  clicks on Boton para ingresar al formulario,  clicks on Selecccionar seÃ±ora]]
[Test worker] WARN net.thucydides.core.steps.BaseStepListener - stepStarted: net.thucydides.core.steps.ExecutedStepDescription@1958c0d9
[Test worker] WARN net.thucydides.core.steps.BaseStepListener - stepFinished: current outcome:registration in the system for Duvan:Given that Duvan wants to enter the user registration url [ open up [ opens the Utest page]], When enter all the appropriate data for user registration on the NewExperience platform
| correo | title | nombre | apellido | password | birthDay | birthMes | birthyear | company | address | address2 | city | state | codPostal | country | information | homePhone | movilPhone | alias | nombre_verificacion |
| duvansds34856@gmail.com | 1 | Duvan alejandro | Bernate | 12345@A | 1 | 1 | 1998 | Chooucair | calle 34 | cr 55 #34 | Bogota | 2 | 11111 | 21 | Automatizacion prueba | 12345678 | 3112302013 | DuvanMaster | Duvan alejandro Bernate | [ load,  registration user [ clicks on Boton de ingreso a el registro del usuario,  enters 'duvansds34856@gmail.com' into Ingresar email,  clicks on Boton para ingresar al formulario,  clicks on Selecccionar seÃ±ora,  enters 'Duvan alejandro' into Ingresar el nombre]]
[Test worker] WARN net.thucydides.core.steps.BaseStepListener - stepStarted: net.thucydides.core.steps.ExecutedStepDescription@1e5aacd9
[Test worker] WARN net.thucydides.core.steps.BaseStepListener - stepFinished: current outcome:registration in the system for Duvan:Given that Duvan wants to enter the user registration url [ open up [ opens the Utest page]], When enter all the appropriate data for user registration on the NewExperience platform
| correo | title | nombre | apellido | password | birthDay | birthMes | birthyear | company | address | address2 | city | state | codPostal | country | information | homePhone | movilPhone | alias | nombre_verificacion |
| duvansds34856@gmail.com | 1 | Duvan alejandro | Bernate | 12345@A | 1 | 1 | 1998 | Chooucair | calle 34 | cr 55 #34 | Bogota | 2 | 11111 | 21 | Automatizacion prueba | 12345678 | 3112302013 | DuvanMaster | Duvan alejandro Bernate | [ load,  registration user [ clicks on Boton de ingreso a el registro del usuario,  enters 'duvansds34856@gmail.com' into Ingresar email,  clicks on Boton para ingresar al formulario,  clicks on Selecccionar seÃ±ora,  enters 'Duvan alejandro' into Ingresar el nombre,  enters 'Bernate' into Ingresar apellido]]
[Test worker] WARN net.thucydides.core.steps.BaseStepListener - stepStarted: net.thucydides.core.steps.ExecutedStepDescription@e49437
[Test worker] WARN net.thucydides.core.steps.BaseStepListener - stepFinished: current outcome:registration in the system for Duvan:Given that Duvan wants to enter the user registration url [ open up [ opens the Utest page]], When enter all the appropriate data for user registration on the NewExperience platform
| correo | title | nombre | apellido | password | birthDay | birthMes | birthyear | company | address | address2 | city | state | codPostal | country | information | homePhone | movilPhone | alias | nombre_verificacion |
| duvansds34856@gmail.com | 1 | Duvan alejandro | Bernate | 12345@A | 1 | 1 | 1998 | Chooucair | calle 34 | cr 55 #34 | Bogota | 2 | 11111 | 21 | Automatizacion prueba | 12345678 | 3112302013 | DuvanMaster | Duvan alejandro Bernate | [ load,  registration user [ clicks on Boton de ingreso a el registro del usuario,  enters 'duvansds34856@gmail.com' into Ingresar email,  clicks on Boton para ingresar al formulario,  clicks on Selecccionar seÃ±ora,  enters 'Duvan alejandro' into Ingresar el nombre,  enters 'Bernate' into Ingresar apellido,  enters '12345@A' into Ingresar contraseÃ±a]]
[Test worker] WARN net.thucydides.core.steps.BaseStepListener - stepStarted: net.thucydides.core.steps.ExecutedStepDescription@5d9bb69b
[Test worker] WARN net.thucydides.core.steps.BaseStepListener - stepFinished: current outcome:registration in the system for Duvan:Given that Duvan wants to enter the user registration url [ open up [ opens the Utest page]], When enter all the appropriate data for user registration on the NewExperience platform
| correo | title | nombre | apellido | password | birthDay | birthMes | birthyear | company | address | address2 | city | state | codPostal | country | information | homePhone | movilPhone | alias | nombre_verificacion |
| duvansds34856@gmail.com | 1 | Duvan alejandro | Bernate | 12345@A | 1 | 1 | 1998 | Chooucair | calle 34 | cr 55 #34 | Bogota | 2 | 11111 | 21 | Automatizacion prueba | 12345678 | 3112302013 | DuvanMaster | Duvan alejandro Bernate | [ load,  registration user [ clicks on Boton de ingreso a el registro del usuario,  enters 'duvansds34856@gmail.com' into Ingresar email,  clicks on Boton para ingresar al formulario,  clicks on Selecccionar seÃ±ora,  enters 'Duvan alejandro' into Ingresar el nombre,  enters 'Bernate' into Ingresar apellido,  enters '12345@A' into Ingresar contraseÃ±a,  selects 1 in Ingresar dia de nacimiento]]
[Test worker] WARN net.thucydides.core.steps.BaseStepListener - stepStarted: net.thucydides.core.steps.ExecutedStepDescription@553fbe94
[Test worker] WARN net.thucydides.core.steps.BaseStepListener - stepFinished: current outcome:registration in the system for Duvan:Given that Duvan wants to enter the user registration url [ open up [ opens the Utest page]], When enter all the appropriate data for user registration on the NewExperience platform
| correo | title | nombre | apellido | password | birthDay | birthMes | birthyear | company | address | address2 | city | state | codPostal | country | information | homePhone | movilPhone | alias | nombre_verificacion |
| duvansds34856@gmail.com | 1 | Duvan alejandro | Bernate | 12345@A | 1 | 1 | 1998 | Chooucair | calle 34 | cr 55 #34 | Bogota | 2 | 11111 | 21 | Automatizacion prueba | 12345678 | 3112302013 | DuvanMaster | Duvan alejandro Bernate | [ load,  registration user [ clicks on Boton de ingreso a el registro del usuario,  enters 'duvansds34856@gmail.com' into Ingresar email,  clicks on Boton para ingresar al formulario,  clicks on Selecccionar seÃ±ora,  enters 'Duvan alejandro' into Ingresar el nombre,  enters 'Bernate' into Ingresar apellido,  enters '12345@A' into Ingresar contraseÃ±a,  selects 1 in Ingresar dia de nacimiento,  selects 1 in Ingresar mes de nacimiento]]
[Test worker] WARN net.thucydides.core.steps.BaseStepListener - stepStarted: net.thucydides.core.steps.ExecutedStepDescription@35536760
[Test worker] WARN net.thucydides.core.steps.BaseStepListener - stepFinished: current outcome:registration in the system for Duvan:Given that Duvan wants to enter the user registration url [ open up [ opens the Utest page]], When enter all the appropriate data for user registration on the NewExperience platform
| correo | title | nombre | apellido | password | birthDay | birthMes | birthyear | company | address | address2 | city | state | codPostal | country | information | homePhone | movilPhone | alias | nombre_verificacion |
| duvansds34856@gmail.com | 1 | Duvan alejandro | Bernate | 12345@A | 1 | 1 | 1998 | Chooucair | calle 34 | cr 55 #34 | Bogota | 2 | 11111 | 21 | Automatizacion prueba | 12345678 | 3112302013 | DuvanMaster | Duvan alejandro Bernate | [ load,  registration user [ clicks on Boton de ingreso a el registro del usuario,  enters 'duvansds34856@gmail.com' into Ingresar email,  clicks on Boton para ingresar al formulario,  clicks on Selecccionar seÃ±ora,  enters 'Duvan alejandro' into Ingresar el nombre,  enters 'Bernate' into Ingresar apellido,  enters '12345@A' into Ingresar contraseÃ±a,  selects 1 in Ingresar dia de nacimiento,  selects 1 in Ingresar mes de nacimiento,  selects 1998 in Ingresar aÃ±o de nacimiento]]
[Test worker] WARN net.thucydides.core.steps.BaseStepListener - stepStarted: net.thucydides.core.steps.ExecutedStepDescription@70ee9d31
[Test worker] WARN net.thucydides.core.steps.BaseStepListener - stepFinished: current outcome:registration in the system for Duvan:Given that Duvan wants to enter the user registration url [ open up [ opens the Utest page]], When enter all the appropriate data for user registration on the NewExperience platform
| correo | title | nombre | apellido | password | birthDay | birthMes | birthyear | company | address | address2 | city | state | codPostal | country | information | homePhone | movilPhone | alias | nombre_verificacion |
| duvansds34856@gmail.com | 1 | Duvan alejandro | Bernate | 12345@A | 1 | 1 | 1998 | Chooucair | calle 34 | cr 55 #34 | Bogota | 2 | 11111 | 21 | Automatizacion prueba | 12345678 | 3112302013 | DuvanMaster | Duvan alejandro Bernate | [ load,  registration user [ clicks on Boton de ingreso a el registro del usuario,  enters 'duvansds34856@gmail.com' into Ingresar email,  clicks on Boton para ingresar al formulario,  clicks on Selecccionar seÃ±ora,  enters 'Duvan alejandro' into Ingresar el nombre,  enters 'Bernate' into Ingresar apellido,  enters '12345@A' into Ingresar contraseÃ±a,  selects 1 in Ingresar dia de nacimiento,  selects 1 in Ingresar mes de nacimiento,  selects 1998 in Ingresar aÃ±o de nacimiento,  enters 'Chooucair' into Ingresar compaÃ±ia]]
[Test worker] WARN net.thucydides.core.steps.BaseStepListener - stepStarted: net.thucydides.core.steps.ExecutedStepDescription@4cc4d454
[Test worker] WARN net.thucydides.core.steps.BaseStepListener - stepFinished: current outcome:registration in the system for Duvan:Given that Duvan wants to enter the user registration url [ open up [ opens the Utest page]], When enter all the appropriate data for user registration on the NewExperience platform
| correo | title | nombre | apellido | password | birthDay | birthMes | birthyear | company | address | address2 | city | state | codPostal | country | information | homePhone | movilPhone | alias | nombre_verificacion |
| duvansds34856@gmail.com | 1 | Duvan alejandro | Bernate | 12345@A | 1 | 1 | 1998 | Chooucair | calle 34 | cr 55 #34 | Bogota | 2 | 11111 | 21 | Automatizacion prueba | 12345678 | 3112302013 | DuvanMaster | Duvan alejandro Bernate | [ load,  registration user [ clicks on Boton de ingreso a el registro del usuario,  enters 'duvansds34856@gmail.com' into Ingresar email,  clicks on Boton para ingresar al formulario,  clicks on Selecccionar seÃ±ora,  enters 'Duvan alejandro' into Ingresar el nombre,  enters 'Bernate' into Ingresar apellido,  enters '12345@A' into Ingresar contraseÃ±a,  selects 1 in Ingresar dia de nacimiento,  selects 1 in Ingresar mes de nacimiento,  selects 1998 in Ingresar aÃ±o de nacimiento,  enters 'Chooucair' into Ingresar compaÃ±ia,  enters 'calle 34' into Ingresar direccion 1]]
[Test worker] WARN net.thucydides.core.steps.BaseStepListener - stepStarted: net.thucydides.core.steps.ExecutedStepDescription@5b0e9e0c
[Test worker] WARN net.thucydides.core.steps.BaseStepListener - stepFinished: current outcome:registration in the system for Duvan:Given that Duvan wants to enter the user registration url [ open up [ opens the Utest page]], When enter all the appropriate data for user registration on the NewExperience platform
| correo | title | nombre | apellido | password | birthDay | birthMes | birthyear | company | address | address2 | city | state | codPostal | country | information | homePhone | movilPhone | alias | nombre_verificacion |
| duvansds34856@gmail.com | 1 | Duvan alejandro | Bernate | 12345@A | 1 | 1 | 1998 | Chooucair | calle 34 | cr 55 #34 | Bogota | 2 | 11111 | 21 | Automatizacion prueba | 12345678 | 3112302013 | DuvanMaster | Duvan alejandro Bernate | [ load,  registration user [ clicks on Boton de ingreso a el registro del usuario,  enters 'duvansds34856@gmail.com' into Ingresar email,  clicks on Boton para ingresar al formulario,  clicks on Selecccionar seÃ±ora,  enters 'Duvan alejandro' into Ingresar el nombre,  enters 'Bernate' into Ingresar apellido,  enters '12345@A' into Ingresar contraseÃ±a,  selects 1 in Ingresar dia de nacimiento,  selects 1 in Ingresar mes de nacimiento,  selects 1998 in Ingresar aÃ±o de nacimiento,  enters 'Chooucair' into Ingresar compaÃ±ia,  enters 'calle 34' into Ingresar direccion 1,  enters 'cr 55 #34' into Ingresar direccion 2]]
[Test worker] WARN net.thucydides.core.steps.BaseStepListener - stepStarted: net.thucydides.core.steps.ExecutedStepDescription@7a62d697
[Test worker] WARN net.thucydides.core.steps.BaseStepListener - stepFinished: current outcome:registration in the system for Duvan:Given that Duvan wants to enter the user registration url [ open up [ opens the Utest page]], When enter all the appropriate data for user registration on the NewExperience platform
| correo | title | nombre | apellido | password | birthDay | birthMes | birthyear | company | address | address2 | city | state | codPostal | country | information | homePhone | movilPhone | alias | nombre_verificacion |
| duvansds34856@gmail.com | 1 | Duvan alejandro | Bernate | 12345@A | 1 | 1 | 1998 | Chooucair | calle 34 | cr 55 #34 | Bogota | 2 | 11111 | 21 | Automatizacion prueba | 12345678 | 3112302013 | DuvanMaster | Duvan alejandro Bernate | [ load,  registration user [ clicks on Boton de ingreso a el registro del usuario,  enters 'duvansds34856@gmail.com' into Ingresar email,  clicks on Boton para ingresar al formulario,  clicks on Selecccionar seÃ±ora,  enters 'Duvan alejandro' into Ingresar el nombre,  enters 'Bernate' into Ingresar apellido,  enters '12345@A' into Ingresar contraseÃ±a,  selects 1 in Ingresar dia de nacimiento,  selects 1 in Ingresar mes de nacimiento,  selects 1998 in Ingresar aÃ±o de nacimiento,  enters 'Chooucair' into Ingresar compaÃ±ia,  enters 'calle 34' into Ingresar direccion 1,  enters 'cr 55 #34' into Ingresar direccion 2,  enters 'Bogota' into Ingresar ciudad]]
[Test worker] WARN net.thucydides.core.steps.BaseStepListener - stepStarted: net.thucydides.core.steps.ExecutedStepDescription@1e258d3b
[Test worker] WARN net.thucydides.core.steps.BaseStepListener - stepFinished: current outcome:registration in the system for Duvan:Given that Duvan wants to enter the user registration url [ open up [ opens the Utest page]], When enter all the appropriate data for user registration on the NewExperience platform
| correo | title | nombre | apellido | password | birthDay | birthMes | birthyear | company | address | address2 | city | state | codPostal | country | information | homePhone | movilPhone | alias | nombre_verificacion |
| duvansds34856@gmail.com | 1 | Duvan alejandro | Bernate | 12345@A | 1 | 1 | 1998 | Chooucair | calle 34 | cr 55 #34 | Bogota | 2 | 11111 | 21 | Automatizacion prueba | 12345678 | 3112302013 | DuvanMaster | Duvan alejandro Bernate | [ load,  registration user [ clicks on Boton de ingreso a el registro del usuario,  enters 'duvansds34856@gmail.com' into Ingresar email,  clicks on Boton para ingresar al formulario,  clicks on Selecccionar seÃ±ora,  enters 'Duvan alejandro' into Ingresar el nombre,  enters 'Bernate' into Ingresar apellido,  enters '12345@A' into Ingresar contraseÃ±a,  selects 1 in Ingresar dia de nacimiento,  selects 1 in Ingresar mes de nacimiento,  selects 1998 in Ingresar aÃ±o de nacimiento,  enters 'Chooucair' into Ingresar compaÃ±ia,  enters 'calle 34' into Ingresar direccion 1,  enters 'cr 55 #34' into Ingresar direccion 2,  enters 'Bogota' into Ingresar ciudad,  selects 2 in Ingresar estado]]
[Test worker] WARN net.thucydides.core.steps.BaseStepListener - stepStarted: net.thucydides.core.steps.ExecutedStepDescription@186295cc
[Test worker] WARN net.thucydides.core.steps.BaseStepListener - stepFinished: current outcome:registration in the system for Duvan:Given that Duvan wants to enter the user registration url [ open up [ opens the Utest page]], When enter all the appropriate data for user registration on the NewExperience platform
| correo | title | nombre | apellido | password | birthDay | birthMes | birthyear | company | address | address2 | city | state | codPostal | country | information | homePhone | movilPhone | alias | nombre_verificacion |
| duvansds34856@gmail.com | 1 | Duvan alejandro | Bernate | 12345@A | 1 | 1 | 1998 | Chooucair | calle 34 | cr 55 #34 | Bogota | 2 | 11111 | 21 | Automatizacion prueba | 12345678 | 3112302013 | DuvanMaster | Duvan alejandro Bernate | [ load,  registration user [ clicks on Boton de ingreso a el registro del usuario,  enters 'duvansds34856@gmail.com' into Ingresar email,  clicks on Boton para ingresar al formulario,  clicks on Selecccionar seÃ±ora,  enters 'Duvan alejandro' into Ingresar el nombre,  enters 'Bernate' into Ingresar apellido,  enters '12345@A' into Ingresar contraseÃ±a,  selects 1 in Ingresar dia de nacimiento,  selects 1 in Ingresar mes de nacimiento,  selects 1998 in Ingresar aÃ±o de nacimiento,  enters 'Chooucair' into Ingresar compaÃ±ia,  enters 'calle 34' into Ingresar direccion 1,  enters 'cr 55 #34' into Ingresar direccion 2,  enters 'Bogota' into Ingresar ciudad,  selects 2 in Ingresar estado,  enters '11111' into Ingresar codigo postal]]
[Test worker] WARN net.thucydides.core.steps.BaseStepListener - stepStarted: net.thucydides.core.steps.ExecutedStepDescription@d512c1
[Test worker] WARN net.thucydides.core.steps.BaseStepListener - stepFinished: current outcome:registration in the system for Duvan:Given that Duvan wants to enter the user registration url [ open up [ opens the Utest page]], When enter all the appropriate data for user registration on the NewExperience platform
| correo | title | nombre | apellido | password | birthDay | birthMes | birthyear | company | address | address2 | city | state | codPostal | country | information | homePhone | movilPhone | alias | nombre_verificacion |
| duvansds34856@gmail.com | 1 | Duvan alejandro | Bernate | 12345@A | 1 | 1 | 1998 | Chooucair | calle 34 | cr 55 #34 | Bogota | 2 | 11111 | 21 | Automatizacion prueba | 12345678 | 3112302013 | DuvanMaster | Duvan alejandro Bernate | [ load,  registration user [ clicks on Boton de ingreso a el registro del usuario,  enters 'duvansds34856@gmail.com' into Ingresar email,  clicks on Boton para ingresar al formulario,  clicks on Selecccionar seÃ±ora,  enters 'Duvan alejandro' into Ingresar el nombre,  enters 'Bernate' into Ingresar apellido,  enters '12345@A' into Ingresar contraseÃ±a,  selects 1 in Ingresar dia de nacimiento,  selects 1 in Ingresar mes de nacimiento,  selects 1998 in Ingresar aÃ±o de nacimiento,  enters 'Chooucair' into Ingresar compaÃ±ia,  enters 'calle 34' into Ingresar direccion 1,  enters 'cr 55 #34' into Ingresar direccion 2,  enters 'Bogota' into Ingresar ciudad,  selects 2 in Ingresar estado,  enters '11111' into Ingresar codigo postal,  selects 21 in Ingresar pais]]
[Test worker] WARN net.thucydides.core.steps.BaseStepListener - stepStarted: net.thucydides.core.steps.ExecutedStepDescription@457692cb
[Test worker] WARN net.thucydides.core.steps.BaseStepListener - stepFinished: current outcome:registration in the system for Duvan:Given that Duvan wants to enter the user registration url [ open up [ opens the Utest page]], When enter all the appropriate data for user registration on the NewExperience platform
| correo | title | nombre | apellido | password | birthDay | birthMes | birthyear | company | address | address2 | city | state | codPostal | country | information | homePhone | movilPhone | alias | nombre_verificacion |
| duvansds34856@gmail.com | 1 | Duvan alejandro | Bernate | 12345@A | 1 | 1 | 1998 | Chooucair | calle 34 | cr 55 #34 | Bogota | 2 | 11111 | 21 | Automatizacion prueba | 12345678 | 3112302013 | DuvanMaster | Duvan alejandro Bernate | [ load,  registration user [ clicks on Boton de ingreso a el registro del usuario,  enters 'duvansds34856@gmail.com' into Ingresar email,  clicks on Boton para ingresar al formulario,  clicks on Selecccionar seÃ±ora,  enters 'Duvan alejandro' into Ingresar el nombre,  enters 'Bernate' into Ingresar apellido,  enters '12345@A' into Ingresar contraseÃ±a,  selects 1 in Ingresar dia de nacimiento,  selects 1 in Ingresar mes de nacimiento,  selects 1998 in Ingresar aÃ±o de nacimiento,  enters 'Chooucair' into Ingresar compaÃ±ia,  enters 'calle 34' into Ingresar direccion 1,  enters 'cr 55 #34' into Ingresar direccion 2,  enters 'Bogota' into Ingresar ciudad,  selects 2 in Ingresar estado,  enters '11111' into Ingresar codigo postal,  selects 21 in Ingresar pais,  enters 'Automatizacion prueba' into Ingresar informacion]]
[Test worker] WARN net.thucydides.core.steps.BaseStepListener - stepStarted: net.thucydides.core.steps.ExecutedStepDescription@46d148bd
[Test worker] WARN net.thucydides.core.steps.BaseStepListener - stepFinished: current outcome:registration in the system for Duvan:Given that Duvan wants to enter the user registration url [ open up [ opens the Utest page]], When enter all the appropriate data for user registration on the NewExperience platform
| correo | title | nombre | apellido | password | birthDay | birthMes | birthyear | company | address | address2 | city | state | codPostal | country | information | homePhone | movilPhone | alias | nombre_verificacion |
| duvansds34856@gmail.com | 1 | Duvan alejandro | Bernate | 12345@A | 1 | 1 | 1998 | Chooucair | calle 34 | cr 55 #34 | Bogota | 2 | 11111 | 21 | Automatizacion prueba | 12345678 | 3112302013 | DuvanMaster | Duvan alejandro Bernate | [ load,  registration user [ clicks on Boton de ingreso a el registro del usuario,  enters 'duvansds34856@gmail.com' into Ingresar email,  clicks on Boton para ingresar al formulario,  clicks on Selecccionar seÃ±ora,  enters 'Duvan alejandro' into Ingresar el nombre,  enters 'Bernate' into Ingresar apellido,  enters '12345@A' into Ingresar contraseÃ±a,  selects 1 in Ingresar dia de nacimiento,  selects 1 in Ingresar mes de nacimiento,  selects 1998 in Ingresar aÃ±o de nacimiento,  enters 'Chooucair' into Ingresar compaÃ±ia,  enters 'calle 34' into Ingresar direccion 1,  enters 'cr 55 #34' into Ingresar direccion 2,  enters 'Bogota' into Ingresar ciudad,  selects 2 in Ingresar estado,  enters '11111' into Ingresar codigo postal,  selects 21 in Ingresar pais,  enters 'Automatizacion prueba' into Ingresar informacion,  enters '12345678' into Ingresar telefono]]
[Test worker] WARN net.thucydides.core.steps.BaseStepListener - stepStarted: net.thucydides.core.steps.ExecutedStepDescription@54997f67
[Test worker] WARN net.thucydides.core.steps.BaseStepListener - stepFinished: current outcome:registration in the system for Duvan:Given that Duvan wants to enter the user registration url [ open up [ opens the Utest page]], When enter all the appropriate data for user registration on the NewExperience platform
| correo | title | nombre | apellido | password | birthDay | birthMes | birthyear | company | address | address2 | city | state | codPostal | country | information | homePhone | movilPhone | alias | nombre_verificacion |
| duvansds34856@gmail.com | 1 | Duvan alejandro | Bernate | 12345@A | 1 | 1 | 1998 | Chooucair | calle 34 | cr 55 #34 | Bogota | 2 | 11111 | 21 | Automatizacion prueba | 12345678 | 3112302013 | DuvanMaster | Duvan alejandro Bernate | [ load,  registration user [ clicks on Boton de ingreso a el registro del usuario,  enters 'duvansds34856@gmail.com' into Ingresar email,  clicks on Boton para ingresar al formulario,  clicks on Selecccionar seÃ±ora,  enters 'Duvan alejandro' into Ingresar el nombre,  enters 'Bernate' into Ingresar apellido,  enters '12345@A' into Ingresar contraseÃ±a,  selects 1 in Ingresar dia de nacimiento,  selects 1 in Ingresar mes de nacimiento,  selects 1998 in Ingresar aÃ±o de nacimiento,  enters 'Chooucair' into Ingresar compaÃ±ia,  enters 'calle 34' into Ingresar direccion 1,  enters 'cr 55 #34' into Ingresar direccion 2,  enters 'Bogota' into Ingresar ciudad,  selects 2 in Ingresar estado,  enters '11111' into Ingresar codigo postal,  selects 21 in Ingresar pais,  enters 'Automatizacion prueba' into Ingresar informacion,  enters '12345678' into Ingresar telefono,  enters '3112302013' into Ingresar movil]]
[Test worker] WARN net.thucydides.core.steps.BaseStepListener - stepStarted: net.thucydides.core.steps.ExecutedStepDescription@210d3a42
[Test worker] WARN net.thucydides.core.steps.BaseStepListener - stepFinished: current outcome:registration in the system for Duvan:Given that Duvan wants to enter the user registration url [ open up [ opens the Utest page]], When enter all the appropriate data for user registration on the NewExperience platform
| correo | title | nombre | apellido | password | birthDay | birthMes | birthyear | company | address | address2 | city | state | codPostal | country | information | homePhone | movilPhone | alias | nombre_verificacion |
| duvansds34856@gmail.com | 1 | Duvan alejandro | Bernate | 12345@A | 1 | 1 | 1998 | Chooucair | calle 34 | cr 55 #34 | Bogota | 2 | 11111 | 21 | Automatizacion prueba | 12345678 | 3112302013 | DuvanMaster | Duvan alejandro Bernate | [ load,  registration user [ clicks on Boton de ingreso a el registro del usuario,  enters 'duvansds34856@gmail.com' into Ingresar email,  clicks on Boton para ingresar al formulario,  clicks on Selecccionar seÃ±ora,  enters 'Duvan alejandro' into Ingresar el nombre,  enters 'Bernate' into Ingresar apellido,  enters '12345@A' into Ingresar contraseÃ±a,  selects 1 in Ingresar dia de nacimiento,  selects 1 in Ingresar mes de nacimiento,  selects 1998 in Ingresar aÃ±o de nacimiento,  enters 'Chooucair' into Ingresar compaÃ±ia,  enters 'calle 34' into Ingresar direccion 1,  enters 'cr 55 #34' into Ingresar direccion 2,  enters 'Bogota' into Ingresar ciudad,  selects 2 in Ingresar estado,  enters '11111' into Ingresar codigo postal,  selects 21 in Ingresar pais,  enters 'Automatizacion prueba' into Ingresar informacion,  enters '12345678' into Ingresar telefono,  enters '3112302013' into Ingresar movil,  enters 'DuvanMaster' into Ingresar alias]]
[Test worker] WARN net.thucydides.core.steps.BaseStepListener - stepStarted: net.thucydides.core.steps.ExecutedStepDescription@29188050
[Test worker] WARN net.thucydides.core.steps.BaseStepListener - stepFinished: current outcome:registration in the system for Duvan:Given that Duvan wants to enter the user registration url [ open up [ opens the Utest page]], When enter all the appropriate data for user registration on the NewExperience platform
| correo | title | nombre | apellido | password | birthDay | birthMes | birthyear | company | address | address2 | city | state | codPostal | country | information | homePhone | movilPhone | alias | nombre_verificacion |
| duvansds34856@gmail.com | 1 | Duvan alejandro | Bernate | 12345@A | 1 | 1 | 1998 | Chooucair | calle 34 | cr 55 #34 | Bogota | 2 | 11111 | 21 | Automatizacion prueba | 12345678 | 3112302013 | DuvanMaster | Duvan alejandro Bernate | [ load,  registration user [ clicks on Boton de ingreso a el registro del usuario,  enters 'duvansds34856@gmail.com' into Ingresar email,  clicks on Boton para ingresar al formulario,  clicks on Selecccionar seÃ±ora,  enters 'Duvan alejandro' into Ingresar el nombre,  enters 'Bernate' into Ingresar apellido,  enters '12345@A' into Ingresar contraseÃ±a,  selects 1 in Ingresar dia de nacimiento,  selects 1 in Ingresar mes de nacimiento,  selects 1998 in Ingresar aÃ±o de nacimiento,  enters 'Chooucair' into Ingresar compaÃ±ia,  enters 'calle 34' into Ingresar direccion 1,  enters 'cr 55 #34' into Ingresar direccion 2,  enters 'Bogota' into Ingresar ciudad,  selects 2 in Ingresar estado,  enters '11111' into Ingresar codigo postal,  selects 21 in Ingresar pais,  enters 'Automatizacion prueba' into Ingresar informacion,  enters '12345678' into Ingresar telefono,  enters '3112302013' into Ingresar movil,  enters 'DuvanMaster' into Ingresar alias,  clicks on Boton para guardar el registro]]
[Test worker] WARN net.thucydides.core.steps.BaseStepListener - stepFinished: current outcome:registration in the system for Duvan:Given that Duvan wants to enter the user registration url [ open up [ opens the Utest page]], When enter all the appropriate data for user registration on the NewExperience platform
| correo | title | nombre | apellido | password | birthDay | birthMes | birthyear | company | address | address2 | city | state | codPostal | country | information | homePhone | movilPhone | alias | nombre_verificacion |
| duvansds34856@gmail.com | 1 | Duvan alejandro | Bernate | 12345@A | 1 | 1 | 1998 | Chooucair | calle 34 | cr 55 #34 | Bogota | 2 | 11111 | 21 | Automatizacion prueba | 12345678 | 3112302013 | DuvanMaster | Duvan alejandro Bernate | [ load,  registration user [ clicks on Boton de ingreso a el registro del usuario,  enters 'duvansds34856@gmail.com' into Ingresar email,  clicks on Boton para ingresar al formulario,  clicks on Selecccionar seÃ±ora,  enters 'Duvan alejandro' into Ingresar el nombre,  enters 'Bernate' into Ingresar apellido,  enters '12345@A' into Ingresar contraseÃ±a,  selects 1 in Ingresar dia de nacimiento,  selects 1 in Ingresar mes de nacimiento,  selects 1998 in Ingresar aÃ±o de nacimiento,  enters 'Chooucair' into Ingresar compaÃ±ia,  enters 'calle 34' into Ingresar direccion 1,  enters 'cr 55 #34' into Ingresar direccion 2,  enters 'Bogota' into Ingresar ciudad,  selects 2 in Ingresar estado,  enters '11111' into Ingresar codigo postal,  selects 21 in Ingresar pais,  enters 'Automatizacion prueba' into Ingresar informacion,  enters '12345678' into Ingresar telefono,  enters '3112302013' into Ingresar movil,  enters 'DuvanMaster' into Ingresar alias,  clicks on Boton para guardar el registro]]
[Test worker] WARN net.thucydides.core.steps.BaseStepListener - stepFinished: current outcome:registration in the system for Duvan:Given that Duvan wants to enter the user registration url [ open up [ opens the Utest page]], When enter all the appropriate data for user registration on the NewExperience platform
| correo | title | nombre | apellido | password | birthDay | birthMes | birthyear | company | address | address2 | city | state | codPostal | country | information | homePhone | movilPhone | alias | nombre_verificacion |
| duvansds34856@gmail.com | 1 | Duvan alejandro | Bernate | 12345@A | 1 | 1 | 1998 | Chooucair | calle 34 | cr 55 #34 | Bogota | 2 | 11111 | 21 | Automatizacion prueba | 12345678 | 3112302013 | DuvanMaster | Duvan alejandro Bernate | [ load,  registration user [ clicks on Boton de ingreso a el registro del usuario,  enters 'duvansds34856@gmail.com' into Ingresar email,  clicks on Boton para ingresar al formulario,  clicks on Selecccionar seÃ±ora,  enters 'Duvan alejandro' into Ingresar el nombre,  enters 'Bernate' into Ingresar apellido,  enters '12345@A' into Ingresar contraseÃ±a,  selects 1 in Ingresar dia de nacimiento,  selects 1 in Ingresar mes de nacimiento,  selects 1998 in Ingresar aÃ±o de nacimiento,  enters 'Chooucair' into Ingresar compaÃ±ia,  enters 'calle 34' into Ingresar direccion 1,  enters 'cr 55 #34' into Ingresar direccion 2,  enters 'Bogota' into Ingresar ciudad,  selects 2 in Ingresar estado,  enters '11111' into Ingresar codigo postal,  selects 21 in Ingresar pais,  enters 'Automatizacion prueba' into Ingresar informacion,  enters '12345678' into Ingresar telefono,  enters '3112302013' into Ingresar movil,  enters 'DuvanMaster' into Ingresar alias,  clicks on Boton para guardar el registro]]
[Test worker] WARN net.thucydides.core.steps.BaseStepListener - stepStarted: net.thucydides.core.steps.ExecutedStepDescription@647ff23e
[Test worker] WARN net.thucydides.core.steps.BaseStepListener - stepStarted: net.thucydides.core.steps.ExecutedStepDescription@574218f
[Test worker] WARN net.thucydides.core.steps.BaseStepListener - stepFinished: current outcome:registration in the system for Duvan:Given that Duvan wants to enter the user registration url [ open up [ opens the Utest page]], When enter all the appropriate data for user registration on the NewExperience platform
| correo | title | nombre | apellido | password | birthDay | birthMes | birthyear | company | address | address2 | city | state | codPostal | country | information | homePhone | movilPhone | alias | nombre_verificacion |
| duvansds34856@gmail.com | 1 | Duvan alejandro | Bernate | 12345@A | 1 | 1 | 1998 | Chooucair | calle 34 | cr 55 #34 | Bogota | 2 | 11111 | 21 | Automatizacion prueba | 12345678 | 3112302013 | DuvanMaster | Duvan alejandro Bernate | [ load,  registration user [ clicks on Boton de ingreso a el registro del usuario,  enters 'duvansds34856@gmail.com' into Ingresar email,  clicks on Boton para ingresar al formulario,  clicks on Selecccionar seÃ±ora,  enters 'Duvan alejandro' into Ingresar el nombre,  enters 'Bernate' into Ingresar apellido,  enters '12345@A' into Ingresar contraseÃ±a,  selects 1 in Ingresar dia de nacimiento,  selects 1 in Ingresar mes de nacimiento,  selects 1998 in Ingresar aÃ±o de nacimiento,  enters 'Chooucair' into Ingresar compaÃ±ia,  enters 'calle 34' into Ingresar direccion 1,  enters 'cr 55 #34' into Ingresar direccion 2,  enters 'Bogota' into Ingresar ciudad,  selects 2 in Ingresar estado,  enters '11111' into Ingresar codigo postal,  selects 21 in Ingresar pais,  enters 'Automatizacion prueba' into Ingresar informacion,  enters '12345678' into Ingresar telefono,  enters '3112302013' into Ingresar movil,  enters 'DuvanMaster' into Ingresar alias,  clicks on Boton para guardar el registro]], Then verify that the registration is complete [Then check record register]
[Test worker] WARN net.thucydides.core.steps.BaseStepListener - stepFinished: current outcome:registration in the system for Duvan:Given that Duvan wants to enter the user registration url [ open up [ opens the Utest page]], When enter all the appropriate data for user registration on the NewExperience platform
| correo | title | nombre | apellido | password | birthDay | birthMes | birthyear | company | address | address2 | city | state | codPostal | country | information | homePhone | movilPhone | alias | nombre_verificacion |
| duvansds34856@gmail.com | 1 | Duvan alejandro | Bernate | 12345@A | 1 | 1 | 1998 | Chooucair | calle 34 | cr 55 #34 | Bogota | 2 | 11111 | 21 | Automatizacion prueba | 12345678 | 3112302013 | DuvanMaster | Duvan alejandro Bernate | [ load,  registration user [ clicks on Boton de ingreso a el registro del usuario,  enters 'duvansds34856@gmail.com' into Ingresar email,  clicks on Boton para ingresar al formulario,  clicks on Selecccionar seÃ±ora,  enters 'Duvan alejandro' into Ingresar el nombre,  enters 'Bernate' into Ingresar apellido,  enters '12345@A' into Ingresar contraseÃ±a,  selects 1 in Ingresar dia de nacimiento,  selects 1 in Ingresar mes de nacimiento,  selects 1998 in Ingresar aÃ±o de nacimiento,  enters 'Chooucair' into Ingresar compaÃ±ia,  enters 'calle 34' into Ingresar direccion 1,  enters 'cr 55 #34' into Ingresar direccion 2,  enters 'Bogota' into Ingresar ciudad,  selects 2 in Ingresar estado,  enters '11111' into Ingresar codigo postal,  selects 21 in Ingresar pais,  enters 'Automatizacion prueba' into Ingresar informacion,  enters '12345678' into Ingresar telefono,  enters '3112302013' into Ingresar movil,  enters 'DuvanMaster' into Ingresar alias,  clicks on Boton para guardar el registro]], Then verify that the registration is complete [Then check record register]
[Test worker] WARN net.thucydides.core.steps.BaseStepListener - testFinished: registration in the system for Duvan:Given that Duvan wants to enter the user registration url [ open up [ opens the Utest page]], When enter all the appropriate data for user registration on the NewExperience platform
| correo | title | nombre | apellido | password | birthDay | birthMes | birthyear | company | address | address2 | city | state | codPostal | country | information | homePhone | movilPhone | alias | nombre_verificacion |
| duvansds34856@gmail.com | 1 | Duvan alejandro | Bernate | 12345@A | 1 | 1 | 1998 | Chooucair | calle 34 | cr 55 #34 | Bogota | 2 | 11111 | 21 | Automatizacion prueba | 12345678 | 3112302013 | DuvanMaster | Duvan alejandro Bernate | [ load,  registration user [ clicks on Boton de ingreso a el registro del usuario,  enters 'duvansds34856@gmail.com' into Ingresar email,  clicks on Boton para ingresar al formulario,  clicks on Selecccionar seÃ±ora,  enters 'Duvan alejandro' into Ingresar el nombre,  enters 'Bernate' into Ingresar apellido,  enters '12345@A' into Ingresar contraseÃ±a,  selects 1 in Ingresar dia de nacimiento,  selects 1 in Ingresar mes de nacimiento,  selects 1998 in Ingresar aÃ±o de nacimiento,  enters 'Chooucair' into Ingresar compaÃ±ia,  enters 'calle 34' into Ingresar direccion 1,  enters 'cr 55 #34' into Ingresar direccion 2,  enters 'Bogota' into Ingresar ciudad,  selects 2 in Ingresar estado,  enters '11111' into Ingresar codigo postal,  selects 21 in Ingresar pais,  enters 'Automatizacion prueba' into Ingresar informacion,  enters '12345678' into Ingresar telefono,  enters '3112302013' into Ingresar movil,  enters 'DuvanMaster' into Ingresar alias,  clicks on Boton para guardar el registro]], Then verify that the registration is complete [Then check record register]
[Test worker] WARN net.thucydides.core.steps.BaseStepListener - TestOutcomes: [registration in the system for Duvan:Given that Duvan wants to enter the user registration url [ open up [ opens the Utest page]], When enter all the appropriate data for user registration on the NewExperience platform
| correo | title | nombre | apellido | password | birthDay | birthMes | birthyear | company | address | address2 | city | state | codPostal | country | information | homePhone | movilPhone | alias | nombre_verificacion |
| duvansds34856@gmail.com | 1 | Duvan alejandro | Bernate | 12345@A | 1 | 1 | 1998 | Chooucair | calle 34 | cr 55 #34 | Bogota | 2 | 11111 | 21 | Automatizacion prueba | 12345678 | 3112302013 | DuvanMaster | Duvan alejandro Bernate | [ load,  registration user [ clicks on Boton de ingreso a el registro del usuario,  enters 'duvansds34856@gmail.com' into Ingresar email,  clicks on Boton para ingresar al formulario,  clicks on Selecccionar seÃ±ora,  enters 'Duvan alejandro' into Ingresar el nombre,  enters 'Bernate' into Ingresar apellido,  enters '12345@A' into Ingresar contraseÃ±a,  selects 1 in Ingresar dia de nacimiento,  selects 1 in Ingresar mes de nacimiento,  selects 1998 in Ingresar aÃ±o de nacimiento,  enters 'Chooucair' into Ingresar compaÃ±ia,  enters 'calle 34' into Ingresar direccion 1,  enters 'cr 55 #34' into Ingresar direccion 2,  enters 'Bogota' into Ingresar ciudad,  selects 2 in Ingresar estado,  enters '11111' into Ingresar codigo postal,  selects 21 in Ingresar pais,  enters 'Automatizacion prueba' into Ingresar informacion,  enters '12345678' into Ingresar telefono,  enters '3112302013' into Ingresar movil,  enters 'DuvanMaster' into Ingresar alias,  clicks on Boton para guardar el registro]], Then verify that the registration is complete [Then check record register]]
[Test worker] WARN net.thucydides.core.steps.BaseStepListener - Final testOutcomes: [registration in the system for Duvan:Given that Duvan wants to enter the user registration url [ open up [ opens the Utest page]], When enter all the appropriate data for user registration on the NewExperience platform
| correo | title | nombre | apellido | password | birthDay | birthMes | birthyear | company | address | address2 | city | state | codPostal | country | information | homePhone | movilPhone | alias | nombre_verificacion |
| duvansds34856@gmail.com | 1 | Duvan alejandro | Bernate | 12345@A | 1 | 1 | 1998 | Chooucair | calle 34 | cr 55 #34 | Bogota | 2 | 11111 | 21 | Automatizacion prueba | 12345678 | 3112302013 | DuvanMaster | Duvan alejandro Bernate | [ load,  registration user [ clicks on Boton de ingreso a el registro del usuario,  enters 'duvansds34856@gmail.com' into Ingresar email,  clicks on Boton para ingresar al formulario,  clicks on Selecccionar seÃ±ora,  enters 'Duvan alejandro' into Ingresar el nombre,  enters 'Bernate' into Ingresar apellido,  enters '12345@A' into Ingresar contraseÃ±a,  selects 1 in Ingresar dia de nacimiento,  selects 1 in Ingresar mes de nacimiento,  selects 1998 in Ingresar aÃ±o de nacimiento,  enters 'Chooucair' into Ingresar compaÃ±ia,  enters 'calle 34' into Ingresar direccion 1,  enters 'cr 55 #34' into Ingresar direccion 2,  enters 'Bogota' into Ingresar ciudad,  selects 2 in Ingresar estado,  enters '11111' into Ingresar codigo postal,  selects 21 in Ingresar pais,  enters 'Automatizacion prueba' into Ingresar informacion,  enters '12345678' into Ingresar telefono,  enters '3112302013' into Ingresar movil,  enters 'DuvanMaster' into Ingresar alias,  clicks on Boton para guardar el registro]], Then verify that the registration is complete [Then check record register]]
[Test worker] INFO net.thucydides.core.steps.ConsoleLoggingListener - 
        __    _____ _____ ____ _____   ____   _    ____  ____  _____ ____  
  _     \ \  |_   _| ____/ ___|_   _| |  _ \ / \  / ___|/ ___|| ____|  _ \ 
 (_)_____| |   | | |  _| \___ \ | |   | |_) / _ \ \___ \\___ \|  _| | | | |
  _|_____| |   | | | |___ ___) || |   |  __/ ___ \ ___) |___) | |___| |_| |
 (_)     | |   |_| |_____|____/ |_|   |_| /_/   \_\____/|____/|_____|____/ 
        /_/                                                                

TEST PASSED: registration in the system for Duvan
----------------------------------------------------------------------------
]]></system-err>
</testsuite>
